# JRE version: Java(TM) SE Runtime Environment 18.9 (11.0.19+9) (build 11.0.19+9-LTS-224)
# Java VM: Java HotSpot(TM) 64-Bit Server VM 18.9 (11.0.19+9-LTS-224, mixed mode, tiered, compressed oops, g1 gc, windows-amd64)
Heap:
 garbage-first heap   total 630784K, used 32873K [0x0000000601800000, 0x0000000800000000)
  region size 2048K, 12 young (24576K), 12 survivors (24576K)
 Metaspace       used 72595K, capacity 74823K, committed 75008K, reserved 1114112K
  class space    used 9508K, capacity 10374K, committed 10496K, reserved 1048576K
GC Heap History (10 events):
Event: 1.355 GC heap after
{Heap after GC invocations=2 (full 0):
 garbage-first heap   total 524288K, used 8486K [0x0000000601800000, 0x0000000800000000)
  region size 2048K, 1 young (2048K), 1 survivors (2048K)
 Metaspace       used 16733K, capacity 17161K, committed 17408K, reserved 1064960K
  class space    used 1846K, capacity 2038K, committed 2048K, reserved 1048576K
}
Event: 1.677 GC heap before
{Heap before GC invocations=2 (full 0):
 garbage-first heap   total 524288K, used 31014K [0x0000000601800000, 0x0000000800000000)
  region size 2048K, 14 young (28672K), 1 survivors (2048K)
 Metaspace       used 20461K, capacity 21113K, committed 21248K, reserved 1067008K
  class space    used 2418K, capacity 2729K, committed 2816K, reserved 1048576K
}
Event: 1.680 GC heap after
{Heap after GC invocations=3 (full 0):
 garbage-first heap   total 524288K, used 9833K [0x0000000601800000, 0x0000000800000000)
  region size 2048K, 2 young (4096K), 2 survivors (4096K)
 Metaspace       used 20461K, capacity 21113K, committed 21248K, reserved 1067008K
  class space    used 2418K, capacity 2729K, committed 2816K, reserved 1048576K
}
Event: 2.297 GC heap before
{Heap before GC invocations=4 (full 0):
 garbage-first heap   total 524288K, used 63081K [0x0000000601800000, 0x0000000800000000)
  region size 2048K, 28 young (57344K), 2 survivors (4096K)
 Metaspace       used 25741K, capacity 26626K, committed 26880K, reserved 1073152K
  class space    used 3113K, capacity 3507K, committed 3584K, reserved 1048576K
}
Event: 2.302 GC heap after
{Heap after GC invocations=5 (full 0):
 garbage-first heap   total 524288K, used 12087K [0x0000000601800000, 0x0000000800000000)
  region size 2048K, 3 young (6144K), 3 survivors (6144K)
 Metaspace       used 25741K, capacity 26626K, committed 26880K, reserved 1073152K
  class space    used 3113K, capacity 3507K, committed 3584K, reserved 1048576K
}
Event: 4.409 GC heap before
{Heap before GC invocations=6 (full 0):
 garbage-first heap   total 524288K, used 180023K [0x0000000601800000, 0x0000000800000000)
  region size 2048K, 86 young (176128K), 3 survivors (6144K)
 Metaspace       used 43219K, capacity 44721K, committed 44800K, reserved 1087488K
  class space    used 5376K, capacity 5989K, committed 6016K, reserved 1048576K
}
Event: 4.423 GC heap after
{Heap after GC invocations=7 (full 0):
 garbage-first heap   total 524288K, used 21008K [0x0000000601800000, 0x0000000800000000)
  region size 2048K, 7 young (14336K), 7 survivors (14336K)
 Metaspace       used 43219K, capacity 44721K, committed 44800K, reserved 1087488K
  class space    used 5376K, capacity 5989K, committed 6016K, reserved 1048576K
}
Event: 10.073 GC heap before
{Heap before GC invocations=8 (full 0):
 garbage-first heap   total 524288K, used 315920K [0x0000000601800000, 0x0000000800000000)
  region size 2048K, 151 young (309248K), 7 survivors (14336K)
 Metaspace       used 67145K, capacity 69302K, committed 69632K, reserved 1110016K
  class space    used 8799K, capacity 9647K, committed 9728K, reserved 1048576K
}
Event: 10.088 GC heap after
{Heap after GC invocations=9 (full 0):
 garbage-first heap   total 524288K, used 29316K [0x0000000601800000, 0x0000000800000000)
  region size 2048K, 11 young (22528K), 11 survivors (22528K)
 Metaspace       used 67145K, capacity 69302K, committed 69632K, reserved 1110016K
  class space    used 8799K, capacity 9647K, committed 9728K, reserved 1048576K
}
Event: 17.078 GC heap before
{Heap before GC invocations=9 (full 0):
 garbage-first heap   total 524288K, used 78468K [0x0000000601800000, 0x0000000800000000)
  region size 2048K, 36 young (73728K), 11 survivors (22528K)
 Metaspace       used 72595K, capacity 74823K, committed 75008K, reserved 1114112K
  class space    used 9508K, capacity 10374K, committed 10496K, reserved 1048576K
}

